<?xml version="1.0" encoding="utf-8"?><testsuites name="pytest tests"><testsuite name="pytest" errors="0" failures="0" skipped="0" tests="8" time="1.567" timestamp="2026-08-21T22:07:37.894987-06:00" hostname="DESKTOP-3U26IR7"><testcase classname="tests.test_boundary" name="test_same_source_access_taxonomy" time="0.001" /><testcase classname="tests.test_custody" name="test_all_imported_parent_files_are_byte_exact" time="1.430" /><testcase classname="tests.test_environment" name="test_exact_source_reopen_and_candidate_identity" time="0.026" /><testcase classname="tests.test_environment" name="test_read_mutation_and_submission_probes" time="0.058" /><testcase classname="tests.test_receipts" name="test_added_digest_message_is_not_misparsed_as_action_result" time="0.002" /><testcase classname="tests.test_receipts" name="test_pressure_projection_accepts_tail_after_digest_message" time="0.002" /><testcase classname="tests.test_treatment" name="test_treatment_adds_exactly_one_message_and_preserves_prefix" time="0.004" /><testcase classname="tests.test_treatment" name="test_digest_is_lossy_non_authoritative_and_reopenable" time="0.001" /></testsuite></testsuites>